<?xml version="1.0" encoding="UTF-8"?>
<testng-results ignored="0" total="1" passed="1" failed="0" skipped="0">
  <reporter-output>
    <line>
      <![CDATA[openBroswer]]>
    </line>
    <line>
      <![CDATA[login]]>
    </line>
    <line>
      <![CDATA[createCustomer]]>
    </line>
    <line>
      <![CDATA[logout]]>
    </line>
    <line>
      <![CDATA[closeBrowser]]>
    </line>
  </reporter-output>
  <suite started-at="2023-05-22T10:05:02 IST" name="Default suite" finished-at="2023-05-22T10:05:45 IST" duration-ms="42683">
    <groups>
    </groups>
    <test started-at="2023-05-22T10:05:02 IST" name="Default test" finished-at="2023-05-22T10:05:45 IST" duration-ms="42683">
      <class name="com.actitime.testscript.CustomerModule">
        <test-method is-config="true" signature="openBrowser()[pri:0, instance:com.actitime.testscript.CustomerModule@708f5957]" started-at="2023-05-22T10:05:02 IST" name="openBrowser" finished-at="2023-05-22T10:05:14 IST" duration-ms="11863" status="PASS">
          <reporter-output>
            <line>
              <![CDATA[openBroswer]]>
            </line>
          </reporter-output>
        </test-method> <!-- openBrowser -->
        <test-method is-config="true" signature="login()[pri:0, instance:com.actitime.testscript.CustomerModule@708f5957]" started-at="2023-05-22T10:05:14 IST" name="login" finished-at="2023-05-22T10:05:24 IST" duration-ms="10425" status="PASS">
          <reporter-output>
            <line>
              <![CDATA[login]]>
            </line>
          </reporter-output>
        </test-method> <!-- login -->
        <test-method signature="createCustomer()[pri:0, instance:com.actitime.testscript.CustomerModule@708f5957]" started-at="2023-05-22T10:05:24 IST" name="createCustomer" finished-at="2023-05-22T10:05:41 IST" duration-ms="16841" status="PASS">
          <reporter-output>
            <line>
              <![CDATA[createCustomer]]>
            </line>
          </reporter-output>
        </test-method> <!-- createCustomer -->
        <test-method is-config="true" signature="logout()[pri:0, instance:com.actitime.testscript.CustomerModule@708f5957]" started-at="2023-05-22T10:05:41 IST" name="logout" finished-at="2023-05-22T10:05:44 IST" duration-ms="2935" status="PASS">
          <reporter-output>
            <line>
              <![CDATA[logout]]>
            </line>
          </reporter-output>
        </test-method> <!-- logout -->
        <test-method is-config="true" signature="closeBrowser()[pri:0, instance:com.actitime.testscript.CustomerModule@708f5957]" started-at="2023-05-22T10:05:44 IST" name="closeBrowser" finished-at="2023-05-22T10:05:45 IST" duration-ms="501" status="PASS">
          <reporter-output>
            <line>
              <![CDATA[closeBrowser]]>
            </line>
          </reporter-output>
        </test-method> <!-- closeBrowser -->
      </class> <!-- com.actitime.testscript.CustomerModule -->
    </test> <!-- Default test -->
  </suite> <!-- Default suite -->
</testng-results>
